<?xml version="1.0" encoding="UTF-8"?>
<!-- Generated by org.testng.reporters.JUnitReportReporter -->
<testsuite hostname="LAPTOP-MEAJT62L" failures="0" tests="2" name="Selenium.Naukri.Introduction" time="13.109" errors="0" timestamp="2025-04-08T14:07:43 IST" skipped="0">
  <testcase classname="Selenium.Naukri.Introduction" name="naukriLogin" time="8.472"/>
  <testcase classname="Selenium.Naukri.Introduction" name="naukriLogin" time="4.637"/>
</testsuite> <!-- Selenium.Naukri.Introduction -->
